Arguments: 
  /Users/sbin/.volta/tools/image/node/14.15.3/bin/node /Users/sbin/.volta/tools/image/yarn/1.22.10/bin/yarn.js add apollo server graphql pg pg-hstore sequelize bcrypt

PATH: 
  /Users/sbin/.volta/tools/image/npm/6.14.10/bin:/Users/sbin/.volta/tools/image/yarn/1.22.10/bin:/Users/sbin/.volta/tools/image/node/14.15.3/bin:/Users/sbin/.volta/bin:/usr/local/bin:/usr/bin:/bin:/usr/sbin:/sbin:/usr/local/go/bin:/usr/local/share/dotnet:~/.dotnet/tools:/Library/Apple/usr/bin:/Library/Frameworks/Mono.framework/Versions/Current/Commands

Yarn version: 
  1.22.10

Node version: 
  14.15.3

Platform: 
  darwin x64

Trace: 
  Error: connect ENETUNREACH 104.16.27.35:443 - Local (0.0.0.0:63162)
      at internalConnect (net.js:921:16)
      at defaultTriggerAsyncIdScope (internal/async_hooks.js:430:12)
      at emitLookup (net.js:1064:9)
      at /Users/sbin/.volta/tools/image/yarn/1.22.10/lib/cli.js:107131:28
      at /Users/sbin/.volta/tools/image/yarn/1.22.10/lib/cli.js:107040:13
      at RawTask.module.exports.RawTask.call (/Users/sbin/.volta/tools/image/yarn/1.22.10/lib/cli.js:83614:19)
      at flush (/Users/sbin/.volta/tools/image/yarn/1.22.10/lib/cli.js:83696:29)
      at processTicksAndRejections (internal/process/task_queues.js:75:11)
      at runNextTicks (internal/process/task_queues.js:62:3)
      at processImmediate (internal/timers.js:434:9)

npm manifest: 
  {
    "name": "slack-clone",
    "version": "1.0.0",
    "main": "index.js",
    "license": "MIT"
  }

yarn manifest: 
  No manifest

Lockfile: 
  No lockfile
